{"D:\\workspace\\invictus\\abtnode\\src\\utils\\formatter.js": {"path":"D:\\workspace\\invictus\\abtnode\\src\\utils\\formatter.js","statementMap":{"0":{"start":{"line":3,"column":28},"end":{"line":3,"column":71}},"1":{"start":{"line":3,"column":40},"end":{"line":3,"column":71}},"2":{"start":{"line":5,"column":29},"end":{"line":5,"column":85}},"3":{"start":{"line":5,"column":52},"end":{"line":5,"column":85}},"4":{"start":{"line":7,"column":25},"end":{"line":7,"column":71}},"5":{"start":{"line":7,"column":37},"end":{"line":7,"column":71}},"6":{"start":{"line":9,"column":26},"end":{"line":9,"column":84}},"7":{"start":{"line":9,"column":41},"end":{"line":9,"column":84}},"8":{"start":{"line":11,"column":25},"end":{"line":11,"column":66}},"9":{"start":{"line":11,"column":36},"end":{"line":11,"column":66}},"10":{"start":{"line":13,"column":32},"end":{"line":20,"column":1}},"11":{"start":{"line":14,"column":14},"end":{"line":16,"column":21}},"12":{"start":{"line":17,"column":19},"end":{"line":17,"column":85}},"13":{"start":{"line":18,"column":15},"end":{"line":18,"column":90}},"14":{"start":{"line":19,"column":2},"end":{"line":19,"column":38}},"15":{"start":{"line":22,"column":33},"end":{"line":26,"column":1}},"16":{"start":{"line":23,"column":19},"end":{"line":23,"column":46}},"17":{"start":{"line":24,"column":2},"end":{"line":24,"column":31}},"18":{"start":{"line":24,"column":22},"end":{"line":24,"column":31}},"19":{"start":{"line":25,"column":2},"end":{"line":25,"column":41}}},"fnMap":{"0":{"name":"(anonymous_0)","decl":{"start":{"line":3,"column":28},"end":{"line":3,"column":29}},"loc":{"start":{"line":3,"column":40},"end":{"line":3,"column":71}},"line":3},"1":{"name":"(anonymous_1)","decl":{"start":{"line":5,"column":29},"end":{"line":5,"column":30}},"loc":{"start":{"line":5,"column":52},"end":{"line":5,"column":85}},"line":5},"2":{"name":"(anonymous_2)","decl":{"start":{"line":7,"column":25},"end":{"line":7,"column":26}},"loc":{"start":{"line":7,"column":37},"end":{"line":7,"column":71}},"line":7},"3":{"name":"(anonymous_3)","decl":{"start":{"line":9,"column":26},"end":{"line":9,"column":27}},"loc":{"start":{"line":9,"column":41},"end":{"line":9,"column":84}},"line":9},"4":{"name":"(anonymous_4)","decl":{"start":{"line":11,"column":25},"end":{"line":11,"column":26}},"loc":{"start":{"line":11,"column":36},"end":{"line":11,"column":66}},"line":11},"5":{"name":"(anonymous_5)","decl":{"start":{"line":13,"column":32},"end":{"line":13,"column":33}},"loc":{"start":{"line":13,"column":42},"end":{"line":20,"column":1}},"line":13},"6":{"name":"(anonymous_6)","decl":{"start":{"line":22,"column":33},"end":{"line":22,"column":34}},"loc":{"start":{"line":22,"column":45},"end":{"line":26,"column":1}},"line":22}},"branchMap":{"0":{"loc":{"start":{"line":24,"column":2},"end":{"line":24,"column":31}},"type":"if","locations":[{"start":{"line":24,"column":2},"end":{"line":24,"column":31}},{"start":{"line":24,"column":2},"end":{"line":24,"column":31}}],"line":24}},"s":{"0":1,"1":3,"2":1,"3":2,"4":1,"5":3,"6":1,"7":2,"8":1,"9":2,"10":1,"11":3,"12":3,"13":3,"14":3,"15":1,"16":3,"17":3,"18":1,"19":2},"f":{"0":3,"1":2,"2":3,"3":2,"4":2,"5":3,"6":3},"b":{"0":[1,2]},"_coverageSchema":"43e27e138ebf9cfc5966b082cf9a028302ed4184","hash":"910557e3e229c435baef77a547ddea4f082affef"}
}
