TN:
SF:D:\workspace\invictus\abtnode\src\utils\formatter.js
FN:3,(anonymous_0)
FN:5,(anonymous_1)
FN:7,(anonymous_2)
FN:9,(anonymous_3)
FN:11,(anonymous_4)
FN:13,(anonymous_5)
FN:22,(anonymous_6)
FNF:7
FNH:7
FNDA:3,(anonymous_0)
FNDA:2,(anonymous_1)
FNDA:3,(anonymous_2)
FNDA:2,(anonymous_3)
FNDA:2,(anonymous_4)
FNDA:3,(anonymous_5)
FNDA:3,(anonymous_6)
DA:3,3
DA:5,2
DA:7,3
DA:9,2
DA:11,2
DA:13,1
DA:14,3
DA:17,3
DA:18,3
DA:19,3
DA:22,1
DA:23,3
DA:24,3
DA:25,2
LF:14
LH:14
BRDA:24,0,0,1
BRDA:24,0,1,2
BRF:2
BRH:2
end_of_record
